


ARM Macro Assembler    Page 1 


    1 00000000         ;find two strings are equal or not. 
    2 00000000         ;The two strings are stored in locations “string1” and “
                       string2”. 
    3 00000000         ;If it equal move 0xFF to location “result” else move 0x
                       00.
    4 00000000         
    5 00000000                 AREA             data1, DATA, READONLY
    6 00000000 41 6D 72 
              69 74 61 
              00       string1 dcb              "Amrita\0"
    7 00000007 41 6D 72 
              69 74 61 
              00       string2 dcb              "Amrita\0"
    8 0000000E         
    9 0000000E                 AREA             data2, DATA, READWRITE
   10 00000000 00000000 
                       result  dcd              0
   11 00000004         
   12 00000004                 AREA             exp, CODE, READONLY
   13 00000000 E59F0038        ldr              r0, =string1
   14 00000004 E59F1038        ldr              r1, =string2
   15 00000008 E59FA038        ldr              r10, =result
   16 0000000C         
   17 0000000C E3A08006        mov              r8 , #0x06
   18 00000010 E3A09000        mov              r9, #0x00   ;counter
   19 00000014         
   20 00000014         loop
   21 00000014 E4D02001        ldrb             r2, [r0] , #1
   22 00000018 E4D13001        ldrb             r3, [r1] , #1
   23 0000001C         
   24 0000001C E1520003        cmp              r2, r3
   25 00000020 02899001        addeq            r9 , r9, #1
   26 00000024         
   27 00000024 E3520000        cmp              r2, #"\0"
   28 00000028 1AFFFFF9        bne              loop
   29 0000002C         
   30 0000002C E1590008        cmp              r9, r8
   31 00000030         
   32 00000030 03A060FF        moveq            r6,#0xff
   33 00000034 13A06000        movne            r6,#0x00
   34 00000038 E58A6000        str              r6,[r10]
   35 0000003C EAFFFFFE 
                       e       b                e
   36 00000040                 end
              00000000 
              00000000 
              00000000 
Command Line: --debug --xref --device=DARMP --apcs=interwork -olab5_as1.o -IC:\
Keil\ARM\INC\Philips --predefine="__EVAL SETA 1" --list=lab5_as1.lst lab5_as1.s



ARM Macro Assembler    Page 1 Alphabetic symbol ordering
Relocatable symbols

data1 00000000

Symbol: data1
   Definitions
      At line 5 in file lab5_as1.s
   Uses
      None
Comment: data1 unused
string1 00000000

Symbol: string1
   Definitions
      At line 6 in file lab5_as1.s
   Uses
      At line 13 in file lab5_as1.s
Comment: string1 used once
string2 00000007

Symbol: string2
   Definitions
      At line 7 in file lab5_as1.s
   Uses
      At line 14 in file lab5_as1.s
Comment: string2 used once
3 symbols



ARM Macro Assembler    Page 1 Alphabetic symbol ordering
Relocatable symbols

data2 00000000

Symbol: data2
   Definitions
      At line 9 in file lab5_as1.s
   Uses
      None
Comment: data2 unused
result 00000000

Symbol: result
   Definitions
      At line 10 in file lab5_as1.s
   Uses
      At line 15 in file lab5_as1.s
Comment: result used once
2 symbols



ARM Macro Assembler    Page 1 Alphabetic symbol ordering
Relocatable symbols

e 0000003C

Symbol: e
   Definitions
      At line 35 in file lab5_as1.s
   Uses
      At line 35 in file lab5_as1.s
Comment: e used once
exp 00000000

Symbol: exp
   Definitions
      At line 12 in file lab5_as1.s
   Uses
      None
Comment: exp unused
loop 00000014

Symbol: loop
   Definitions
      At line 20 in file lab5_as1.s
   Uses
      At line 28 in file lab5_as1.s
Comment: loop used once
3 symbols
330 symbols in table
