


ARM Macro Assembler    Page 1 


    1 00000000                 AREA             LAB1_as2 , CODE, READONLY
    2 00000000         
    3 00000000 E3A0A008        MOV              r10, #8
    4 00000004 E1E0A00A        MVN              r10, r10
    5 00000008         
    6 00000008 EAFFFFFE 
                       e       b                e
    7 0000000C                 end
Command Line: --debug --xref --device=DARMP --apcs=interwork -oLAB1_as2.o -IC:\
Keil\ARM\INC\Philips --predefine="__EVAL SETA 1" --list=LAB1_as2.lst LAB1_as2.s



ARM Macro Assembler    Page 1 Alphabetic symbol ordering
Relocatable symbols

LAB1_as2 00000000

Symbol: LAB1_as2
   Definitions
      At line 1 in file LAB1_as2.s
   Uses
      None
Comment: LAB1_as2 unused
e 00000008

Symbol: e
   Definitions
      At line 6 in file LAB1_as2.s
   Uses
      At line 6 in file LAB1_as2.s
Comment: e used once
2 symbols
322 symbols in table
