


ARM Macro Assembler    Page 1 


    1 00000000                 AREA             LAB1_qn1 , CODE , READONLY
    2 00000000         
    3 00000000 E3A0100A        mov              r1 , #10
    4 00000004 E1A02001        mov              r2 , r1
    5 00000008 E1E03001        mvn              r3 , r1
    6 0000000C EAFFFFFE 
                       e       b                e
    7 00000010                 end
Command Line: --debug --xref --device=DARMP --apcs=interwork -oLAB1_qn1.o -IC:\
Keil\ARM\INC\Philips --predefine="__EVAL SETA 1" --list=LAB1_qn1.lst LAB1_qn1.s



ARM Macro Assembler    Page 1 Alphabetic symbol ordering
Relocatable symbols

LAB1_qn1 00000000

Symbol: LAB1_qn1
   Definitions
      At line 1 in file LAB1_qn1.s
   Uses
      None
Comment: LAB1_qn1 unused
e 0000000C

Symbol: e
   Definitions
      At line 6 in file LAB1_qn1.s
   Uses
      At line 6 in file LAB1_qn1.s
Comment: e used once
2 symbols
322 symbols in table
