


ARM Macro Assembler    Page 1 


    1 00000000         ;copy a string stored in memory location “source” to mem
                       ory location “destination”.    
    2 00000000         
    3 00000000                 AREA             data1, DATA, READONLY
    4 00000000 52 69 63 
              68 61 00 source  dcb              "Richa\0"
    5 00000006         
    6 00000006                 AREA             data2, DATA, READWRITE
    7 00000000 00000000 
                       destination
                               dcd              0
    8 00000004         
    9 00000004                 AREA             exp, CODE, READONLY
   10 00000000 E59F0014        ldr              r0, =source
   11 00000004 E59F1014        ldr              r1, =destination
   12 00000008         
   13 00000008         loop
   14 00000008 E4D02001        ldrb             r2, [r0] , #1
   15 0000000C E4C12001        strb             r2, [r1] , #1
   16 00000010 E3520000        cmp              r2, #"\0"
   17 00000014 1AFFFFFB        bne              loop
   18 00000018         
   19 00000018 EAFFFFFE 
                       e       b                e
   20 0000001C                 end
              00000000 
              00000000 
Command Line: --debug --xref --device=DARMP --apcs=interwork -olab5_qn2.o -IC:\
Keil\ARM\INC\Philips --predefine="__EVAL SETA 1" --list=lab5_qn2.lst lab5_qn2.s



ARM Macro Assembler    Page 1 Alphabetic symbol ordering
Relocatable symbols

data1 00000000

Symbol: data1
   Definitions
      At line 3 in file lab5_qn2.s
   Uses
      None
Comment: data1 unused
source 00000000

Symbol: source
   Definitions
      At line 4 in file lab5_qn2.s
   Uses
      At line 10 in file lab5_qn2.s
Comment: source used once
2 symbols



ARM Macro Assembler    Page 1 Alphabetic symbol ordering
Relocatable symbols

data2 00000000

Symbol: data2
   Definitions
      At line 6 in file lab5_qn2.s
   Uses
      None
Comment: data2 unused
destination 00000000

Symbol: destination
   Definitions
      At line 7 in file lab5_qn2.s
   Uses
      At line 11 in file lab5_qn2.s
Comment: destination used once
2 symbols



ARM Macro Assembler    Page 1 Alphabetic symbol ordering
Relocatable symbols

e 00000018

Symbol: e
   Definitions
      At line 19 in file lab5_qn2.s
   Uses
      At line 19 in file lab5_qn2.s
Comment: e used once
exp 00000000

Symbol: exp
   Definitions
      At line 9 in file lab5_qn2.s
   Uses
      None
Comment: exp unused
loop 00000008

Symbol: loop
   Definitions
      At line 13 in file lab5_qn2.s
   Uses
      At line 17 in file lab5_qn2.s
Comment: loop used once
3 symbols
329 symbols in table
