


ARM Macro Assembler    Page 1 


    1 00000000         ;find the number in location “num” is odd or even
    2 00000000         ;If the number is ODD then store 0x01 in location “resul
                       t” else move 0x02
    3 00000000         
    4 00000000                 AREA             data1, DATA, READONLY
    5 00000000 00000005 
                       num     dcd              0x05
    6 00000004         
    7 00000004                 AREA             data2, DATA, READWRITE
    8 00000000 00000000 
                       result  dcd              0x00
    9 00000004         
   10 00000004                 AREA             exp, CODE, READONLY
   11 00000000 E59F0028        ldr              r0 ,=num    ;address
   12 00000004 E5901000        ldr              r1, [r0]    ;value ie. 0x04
   13 00000008 E59F5024        ldr              r5 ,=result ; address
   14 0000000C         
   15 0000000C E3A07002        mov              r7, #0x02
   16 00000010 E3A08001        mov              r8, #0x01
   17 00000014         
   18 00000014 E3A03000        mov              r3, #0
   19 00000018 E1B020A1        movs             r2, r1, lsr #1
   20 0000001C 22833001        addcs            r3, r3, #1
   21 00000020 E3530000        cmp              r3, #0
   22 00000024 05857000        streq            r7 , [r5]
   23 00000028 15858000        strne            r8 , [r5]
   24 0000002C         
   25 0000002C EAFFFFFE 
                       e       b                e
   26 00000030                 end
              00000000 
              00000000 
Command Line: --debug --xref --device=DARMP --apcs=interwork -olab3_as1.o -IC:\
Keil\ARM\INC\Philips --predefine="__EVAL SETA 1" --list=lab3_as1.lst lab3_as1.s



ARM Macro Assembler    Page 1 Alphabetic symbol ordering
Relocatable symbols

data1 00000000

Symbol: data1
   Definitions
      At line 4 in file lab3_as1.s
   Uses
      None
Comment: data1 unused
num 00000000

Symbol: num
   Definitions
      At line 5 in file lab3_as1.s
   Uses
      At line 11 in file lab3_as1.s
Comment: num used once
2 symbols



ARM Macro Assembler    Page 1 Alphabetic symbol ordering
Relocatable symbols

data2 00000000

Symbol: data2
   Definitions
      At line 7 in file lab3_as1.s
   Uses
      None
Comment: data2 unused
result 00000000

Symbol: result
   Definitions
      At line 8 in file lab3_as1.s
   Uses
      At line 13 in file lab3_as1.s
Comment: result used once
2 symbols



ARM Macro Assembler    Page 1 Alphabetic symbol ordering
Relocatable symbols

e 0000002C

Symbol: e
   Definitions
      At line 25 in file lab3_as1.s
   Uses
      At line 25 in file lab3_as1.s
Comment: e used once
exp 00000000

Symbol: exp
   Definitions
      At line 10 in file lab3_as1.s
   Uses
      None
Comment: exp unused
2 symbols
328 symbols in table
